/home/donatello/ros2_ws/src/carllab6/install/carllab6/lib/python3.8/site-packages/carllab6/__init__.py
/home/donatello/ros2_ws/src/carllab6/install/carllab6/lib/python3.8/site-packages/carllab6/goToWall.py
/home/donatello/ros2_ws/src/carllab6/install/carllab6/lib/python3.8/site-packages/carllab6/classifierNode.py
/home/donatello/ros2_ws/src/carllab6/install/carllab6/lib/python3.8/site-packages/carllab6/getObjectRange.py
/home/donatello/ros2_ws/src/carllab6/install/carllab6/lib/python3.8/site-packages/carllab6/__pycache__/__init__.cpython-38.pyc
/home/donatello/ros2_ws/src/carllab6/install/carllab6/lib/python3.8/site-packages/carllab6/__pycache__/goToWall.cpython-38.pyc
/home/donatello/ros2_ws/src/carllab6/install/carllab6/lib/python3.8/site-packages/carllab6/__pycache__/classifierNode.cpython-38.pyc
/home/donatello/ros2_ws/src/carllab6/install/carllab6/lib/python3.8/site-packages/carllab6/__pycache__/getObjectRange.cpython-38.pyc
/home/donatello/ros2_ws/src/carllab6/install/carllab6/share/ament_index/resource_index/packages/carllab6
/home/donatello/ros2_ws/src/carllab6/install/carllab6/share/carllab6/package.xml
/home/donatello/ros2_ws/src/carllab6/install/carllab6/lib/python3.8/site-packages/carllab6-0.0.0-py3.8.egg-info/requires.txt
/home/donatello/ros2_ws/src/carllab6/install/carllab6/lib/python3.8/site-packages/carllab6-0.0.0-py3.8.egg-info/top_level.txt
/home/donatello/ros2_ws/src/carllab6/install/carllab6/lib/python3.8/site-packages/carllab6-0.0.0-py3.8.egg-info/entry_points.txt
/home/donatello/ros2_ws/src/carllab6/install/carllab6/lib/python3.8/site-packages/carllab6-0.0.0-py3.8.egg-info/SOURCES.txt
/home/donatello/ros2_ws/src/carllab6/install/carllab6/lib/python3.8/site-packages/carllab6-0.0.0-py3.8.egg-info/PKG-INFO
/home/donatello/ros2_ws/src/carllab6/install/carllab6/lib/python3.8/site-packages/carllab6-0.0.0-py3.8.egg-info/dependency_links.txt
/home/donatello/ros2_ws/src/carllab6/install/carllab6/lib/python3.8/site-packages/carllab6-0.0.0-py3.8.egg-info/zip-safe
/home/donatello/ros2_ws/src/carllab6/install/carllab6/lib/carllab6/class
/home/donatello/ros2_ws/src/carllab6/install/carllab6/lib/carllab6/go
/home/donatello/ros2_ws/src/carllab6/install/carllab6/lib/carllab6/range
